mic   _utils.py          INFO     Log file created
mic   _utils.py          INFO     OS: {'name': 'Linux', 'data': {'version': '#1 SMP Fri May 8 23:03:06 UTC 2020', 'release': '5.4.39-linuxkit', 'platform': 'Linux-5.4.39-linuxkit-x86_64-with-glibc2.10'}}
mic   _utils.py          INFO     MIC Version: 1.3.7
mic   _utils.py          INFO     <=================>
mic   _utils.py          INFO     Command: {'name': 'start', 'command_parameters': {'name': {'value': 'swatplus_test_001', 'type': 'str'}, 'image': {'value': None, 'type': 'NoneType'}}}
mic   initialization.py  DEBUG    detecting framework(s): [<Framework.GENERIC: ('general', 'mintproject/generic:latest')>]
mic   initialization.py  DEBUG    OS name: linux
mic   docker.py          INFO     Downloading and building base docker image
mic   config_yaml.py     DEBUG    Writing to spec: {'file': '/Users/taccstaff/SWAT/swatplus_cwl/swatplus_predocker/data/TxtInOut_CoonCreek_aqu/mic/mic.yaml', 'data': {'key': 'name', 'value': 'swatplus_test_001'}}
mic   config_yaml.py     DEBUG    Writing to spec: {'file': '/Users/taccstaff/SWAT/swatplus_cwl/swatplus_predocker/data/TxtInOut_CoonCreek_aqu/mic/mic.yaml', 'data': {'key': 'docker_image', 'value': 'swatplus_test_001:latest'}}
mic   config_yaml.py     DEBUG    Writing to spec: {'file': '/Users/taccstaff/SWAT/swatplus_cwl/swatplus_predocker/data/TxtInOut_CoonCreek_aqu/mic/mic.yaml', 'data': {'key': 'framework', 'value': <Framework.GENERIC: ('general', 'mintproject/generic:latest')>}}
mic   config_yaml.py     DEBUG    Writing to spec: {'file': '/Users/taccstaff/SWAT/swatplus_cwl/swatplus_predocker/data/TxtInOut_CoonCreek_aqu/mic/mic.yaml', 'data': {'key': 'container_name', 'value': 'swatplus_test_001_feb79324'}}
mic   _utils.py          INFO     <=================>
mic   _utils.py          INFO     Command: {'name': 'trace', 'command_parameters': {'invocation_command': {'value': ('swatplus_exe',), 'type': 'tuple'}, 'continu': {'value': None, 'type': 'NoneType'}, 'overwrite': {'value': None, 'type': 'NoneType'}}}
mic   commands.py        DEBUG    Append mode: None
mic   commands.py        WARNING  Reprozip tracer exited with non-zero code: 127
mic   commands.py        INFO     trace done
mic   commands.py        INFO     start done
mic   initialization.py  INFO     When creating base dir found base directory already exists: /Users/taccstaff/SWAT/swatplus_cwl/swatplus_predocker/data/TxtInOut_CoonCreek_aqu/mic
mic   initialization.py  INFO     MIC has initialized the component
mic   _utils.py          INFO     Log file created
mic   _utils.py          INFO     OS: {'name': 'Linux', 'data': {'version': '#1 SMP Fri May 8 23:03:06 UTC 2020', 'release': '5.4.39-linuxkit', 'platform': 'Linux-5.4.39-linuxkit-x86_64-with-glibc2.10'}}
mic   _utils.py          INFO     MIC Version: 1.3.7
mic   _utils.py          INFO     <=================>
mic   _utils.py          INFO     Command: {'name': 'start', 'command_parameters': {'name': {'value': 'swatplus_test_001', 'type': 'str'}, 'image': {'value': 'dhardestylewis/docker:develop', 'type': 'str'}}}
mic   initialization.py  DEBUG    OS name: linux
mic   docker.py          INFO     Downloading and building base docker image
mic   docker.py          WARNING  Build attempt failed
mic   docker.py          DEBUG    manifest for dhardestylewis/docker:develop not found: manifest unknown: manifest unknown
mic   docker.py          DEBUG    manifest for dhardestylewis/docker:develop not found: manifest unknown: manifest unknown
mic   docker.py          DEBUG    manifest for dhardestylewis/docker:develop not found: manifest unknown: manifest unknown
mic   config_yaml.py     DEBUG    Writing to spec: {'file': '/Users/taccstaff/SWAT/swatplus_cwl/swatplus_predocker/data/TxtInOut_CoonCreek_aqu/mic/mic.yaml', 'data': {'key': 'name', 'value': 'swatplus_test_001'}}
mic   config_yaml.py     DEBUG    Writing to spec: {'file': '/Users/taccstaff/SWAT/swatplus_cwl/swatplus_predocker/data/TxtInOut_CoonCreek_aqu/mic/mic.yaml', 'data': {'key': 'docker_image', 'value': 'dhardestylewis/docker:develop'}}
mic   config_yaml.py     DEBUG    Writing to spec: {'file': '/Users/taccstaff/SWAT/swatplus_cwl/swatplus_predocker/data/TxtInOut_CoonCreek_aqu/mic/mic.yaml', 'data': {'key': 'framework', 'value': <Framework.GENERIC: ('general', 'mintproject/generic:latest')>}}
mic   config_yaml.py     DEBUG    Writing to spec: {'file': '/Users/taccstaff/SWAT/swatplus_cwl/swatplus_predocker/data/TxtInOut_CoonCreek_aqu/mic/mic.yaml', 'data': {'key': 'container_name', 'value': 'swatplus_test_001_71d45db4'}}
mic   commands.py        INFO     start done
mic   initialization.py  INFO     When creating base dir found base directory already exists: /Users/taccstaff/SWAT/swatplus_cwl/swatplus_predocker/data/TxtInOut_CoonCreek_aqu/mic
mic   initialization.py  INFO     MIC has initialized the component
mic   _utils.py          INFO     Log file created
mic   _utils.py          INFO     OS: {'name': 'Linux', 'data': {'version': '#1 SMP Fri May 8 23:03:06 UTC 2020', 'release': '5.4.39-linuxkit', 'platform': 'Linux-5.4.39-linuxkit-x86_64-with-glibc2.10'}}
mic   _utils.py          INFO     MIC Version: 1.3.7
mic   _utils.py          INFO     <=================>
mic   _utils.py          INFO     Command: {'name': 'start', 'command_parameters': {'name': {'value': 'swatplus_test_001', 'type': 'str'}, 'image': {'value': 'dhardestylewis/swatplus_docker:develop', 'type': 'str'}}}
mic   initialization.py  DEBUG    OS name: linux
mic   docker.py          INFO     Downloading and building base docker image
mic   config_yaml.py     DEBUG    Writing to spec: {'file': '/Users/taccstaff/SWAT/swatplus_cwl/swatplus_predocker/data/TxtInOut_CoonCreek_aqu/mic/mic.yaml', 'data': {'key': 'name', 'value': 'swatplus_test_001'}}
mic   config_yaml.py     DEBUG    Writing to spec: {'file': '/Users/taccstaff/SWAT/swatplus_cwl/swatplus_predocker/data/TxtInOut_CoonCreek_aqu/mic/mic.yaml', 'data': {'key': 'docker_image', 'value': 'swatplus_test_001:latest'}}
mic   config_yaml.py     DEBUG    Writing to spec: {'file': '/Users/taccstaff/SWAT/swatplus_cwl/swatplus_predocker/data/TxtInOut_CoonCreek_aqu/mic/mic.yaml', 'data': {'key': 'framework', 'value': <Framework.GENERIC: ('general', 'mintproject/generic:latest')>}}
mic   config_yaml.py     DEBUG    Writing to spec: {'file': '/Users/taccstaff/SWAT/swatplus_cwl/swatplus_predocker/data/TxtInOut_CoonCreek_aqu/mic/mic.yaml', 'data': {'key': 'container_name', 'value': 'swatplus_test_001_ec16d133'}}
mic   _utils.py          INFO     <=================>
mic   _utils.py          INFO     Command: {'name': 'trace', 'command_parameters': {'invocation_command': {'value': ('swatplus_exe',), 'type': 'tuple'}, 'continu': {'value': None, 'type': 'NoneType'}, 'overwrite': {'value': None, 'type': 'NoneType'}}}
mic   commands.py        DEBUG    Append mode: None
mic   commands.py        INFO     trace done
mic   _utils.py          INFO     <=================>
mic   _utils.py          INFO     Command: {'name': 'configs', 'command_parameters': {'mic_file': {'value': '/tmp/mint/mic/mic.yaml', 'type': 'str'}, 'configuration_files': {'value': ('/tmp/mint/file.cio',), 'type': 'tuple'}, 'auto_param': {'value': False, 'type': 'bool'}}}
mic   config_yaml.py     DEBUG    Writing to spec: {'file': '/tmp/mint/mic/mic.yaml', 'data': {'key': 'configs', 'value': {'file_cio': {'path': 'file.cio', 'format': 'cio'}}}}
mic   commands.py        INFO     Added config file: /tmp/mint/file.cio
mic   config_yaml.py     DEBUG    Writing to spec: {'file': '/tmp/mint/mic/mic.yaml', 'data': {'key': 'step', 'value': 2}}
mic   commands.py        INFO     configs done
mic   _utils.py          INFO     <=================>
mic   _utils.py          INFO     Command: {'name': 'inputs', 'command_parameters': {'mic_file': {'value': '/tmp/mint/mic/mic.yaml', 'type': 'str'}, 'custom_inputs': {'value': (), 'type': 'tuple'}}}
mic   commands.py        DEBUG    Inputs found from reprozip: ['/tmp/mint/snow.sno', '/tmp/mint/chem_app.ops', '/tmp/mint/cntable.lum', '/tmp/mint/rout_unit.def', '/tmp/mint/hru-data.hru', '/tmp/mint/plants.plt', '/tmp/mint/file.cio', '/tmp/mint/aqu_unit.ele', '/tmp/mint/basin_crop_yld_aa.txt', '/tmp/mint/channel.cha', '/tmp/mint/urban.urb', '/tmp/mint/hydrology.cha', '/tmp/mint/soil_plant.ini', '/tmp/mint/hru_wb_aa.txt', '/tmp/mint/weather-sta.cli', '/tmp/mint/graze.ops', '/tmp/mint/ovn_table.lum', '/tmp/mint/basin_pw_yr.txt', '/tmp/mint/diagnostics.out', '/tmp/mint/septic.str', '/tmp/mint/sediment.cha', '/tmp/mint/flo_con.dtl', '/tmp/mint/chan-surf.lin', '/tmp/mint/management.sch', '/tmp/mint/basin_crop_yld_yr.txt', '/tmp/mint/rout_unit.ele', '/tmp/mint/outlet.out', '/tmp/mint/object.cnt', '/tmp/mint/aqu_cha.lin', '/tmp/mint/ccw01.tmp', '/tmp/mint/nutrients.cha', '/tmp/mint/hru_pw_aa.txt', '/tmp/mint/codes.bsn', '/tmp/mint/channel_sdmorph_yr.txt', '/tmp/mint/field.fld', '/tmp/mint/aquifer.con', '/tmp/mint/pathogens.pth', '/tmp/mint/basin_aqu_aa.txt', '/tmp/mint/success.fin', '/tmp/mint/soils.sol', '/tmp/mint/parameters.bsn', '/tmp/mint/weather-wgn.cli', '/tmp/mint/ccw01.pcp', '/tmp/mint/channel-lte.cha', '/tmp/mint/pcp.cli', '/tmp/mint/basin_wb_yr.txt', '/tmp/mint/print.prt', '/tmp/mint/cons_practice.lum', '/tmp/mint/septic.sep', '/tmp/mint/hru_wb_day.txt', '/tmp/mint/rout_unit.con', '/tmp/mint/crop_yld_aa.txt', '/tmp/mint/om_water.ini', '/tmp/mint/topography.hyd', '/tmp/mint/basin_wb_aa.txt', '/tmp/mint/rout_unit.rtu', '/tmp/mint/channel_sd_yr.txt', '/tmp/mint/hru.con', '/tmp/mint/chandeg.con', '/tmp/mint/aquifer.aqu', '/tmp/mint/sweep.ops', '/tmp/mint/initial.cha', '/tmp/mint/plant.ini', '/tmp/mint/time.sim', '/tmp/mint/hyd-sed-lte.cha', '/tmp/mint/fertilizer.frt', '/tmp/mint/tmp.cli', '/tmp/mint/harv.ops', '/tmp/mint/res_rel.dtl', '/tmp/mint/lum.dtl', '/tmp/mint/pesticide.pst', '/tmp/mint/ls_unit.ele', '/tmp/mint/tillage.til', '/tmp/mint/hydrology.hyd', '/tmp/mint/object.prt', '/tmp/mint/nutrients.sol', '/tmp/mint/initial.aqu', '/tmp/mint/ls_unit.def', '/tmp/mint/landuse.lum', '/tmp/mint/files_out.out', '/tmp/mint/scen_lu.dtl']
mic   commands.py        DEBUG    code files found from reprozip: []
mic   commands.py        INFO     Input added: snow.sno
mic   commands.py        INFO     Input added: chem_app.ops
mic   commands.py        INFO     Input added: cntable.lum
mic   commands.py        INFO     Input added: rout_unit.def
mic   commands.py        INFO     Input added: hru-data.hru
mic   commands.py        INFO     Input added: plants.plt
mic   commands.py        INFO     Ignoring the config as an input: /tmp/mint/file.cio
mic   commands.py        INFO     Input added: aqu_unit.ele
mic   commands.py        INFO     Ignoring the config as an input: /tmp/mint/basin_crop_yld_aa.txt
mic   commands.py        INFO     Input added: channel.cha
mic   commands.py        INFO     Input added: urban.urb
mic   commands.py        INFO     Input added: hydrology.cha
mic   commands.py        INFO     Input added: soil_plant.ini
mic   commands.py        INFO     Ignoring the config as an input: /tmp/mint/hru_wb_aa.txt
mic   commands.py        INFO     Input added: weather-sta.cli
mic   commands.py        INFO     Input added: graze.ops
mic   commands.py        INFO     Input added: ovn_table.lum
mic   commands.py        INFO     Ignoring the config as an input: /tmp/mint/basin_pw_yr.txt
mic   commands.py        INFO     Ignoring the config as an input: /tmp/mint/diagnostics.out
mic   commands.py        INFO     Input added: septic.str
mic   commands.py        INFO     Input added: sediment.cha
mic   commands.py        INFO     Input added: flo_con.dtl
mic   commands.py        INFO     Input added: chan-surf.lin
mic   commands.py        INFO     Input added: management.sch
mic   commands.py        INFO     Ignoring the config as an input: /tmp/mint/basin_crop_yld_yr.txt
mic   commands.py        INFO     Input added: rout_unit.ele
mic   commands.py        INFO     Ignoring the config as an input: /tmp/mint/outlet.out
mic   commands.py        INFO     Input added: object.cnt
mic   commands.py        INFO     Input added: aqu_cha.lin
mic   commands.py        INFO     Input added: ccw01.tmp
mic   commands.py        INFO     Input added: nutrients.cha
mic   commands.py        INFO     Ignoring the config as an input: /tmp/mint/hru_pw_aa.txt
mic   commands.py        INFO     Input added: codes.bsn
mic   commands.py        INFO     Ignoring the config as an input: /tmp/mint/channel_sdmorph_yr.txt
mic   commands.py        INFO     Input added: field.fld
mic   commands.py        INFO     Input added: aquifer.con
mic   commands.py        INFO     Input added: pathogens.pth
mic   commands.py        INFO     Ignoring the config as an input: /tmp/mint/basin_aqu_aa.txt
mic   commands.py        INFO     Ignoring the config as an input: /tmp/mint/success.fin
mic   commands.py        INFO     Input added: soils.sol
mic   commands.py        INFO     Input added: parameters.bsn
mic   commands.py        INFO     Input added: weather-wgn.cli
mic   commands.py        INFO     Input added: ccw01.pcp
mic   commands.py        INFO     Input added: channel-lte.cha
mic   commands.py        INFO     Input added: pcp.cli
mic   commands.py        INFO     Ignoring the config as an input: /tmp/mint/basin_wb_yr.txt
mic   commands.py        INFO     Input added: print.prt
mic   commands.py        INFO     Input added: cons_practice.lum
mic   commands.py        INFO     Input added: septic.sep
mic   commands.py        INFO     Ignoring the config as an input: /tmp/mint/hru_wb_day.txt
mic   commands.py        INFO     Input added: rout_unit.con
mic   commands.py        INFO     Ignoring the config as an input: /tmp/mint/crop_yld_aa.txt
mic   commands.py        INFO     Input added: om_water.ini
mic   commands.py        INFO     Input added: topography.hyd
mic   commands.py        INFO     Ignoring the config as an input: /tmp/mint/basin_wb_aa.txt
mic   commands.py        INFO     Input added: rout_unit.rtu
mic   commands.py        INFO     Ignoring the config as an input: /tmp/mint/channel_sd_yr.txt
mic   commands.py        INFO     Input added: hru.con
mic   commands.py        INFO     Input added: chandeg.con
mic   commands.py        INFO     Input added: aquifer.aqu
mic   commands.py        INFO     Input added: sweep.ops
mic   commands.py        INFO     Input added: initial.cha
mic   commands.py        INFO     Input added: plant.ini
mic   commands.py        INFO     Input added: time.sim
mic   commands.py        INFO     Input added: hyd-sed-lte.cha
mic   commands.py        INFO     Input added: fertilizer.frt
mic   commands.py        INFO     Input added: tmp.cli
mic   commands.py        INFO     Input added: harv.ops
mic   commands.py        INFO     Input added: res_rel.dtl
mic   commands.py        INFO     Input added: lum.dtl
mic   commands.py        INFO     Input added: pesticide.pst
mic   commands.py        INFO     Input added: ls_unit.ele
mic   commands.py        INFO     Input added: tillage.til
mic   commands.py        INFO     Input added: hydrology.hyd
mic   commands.py        INFO     Input added: object.prt
mic   commands.py        INFO     Input added: nutrients.sol
mic   commands.py        INFO     Input added: initial.aqu
mic   commands.py        INFO     Input added: ls_unit.def
mic   commands.py        INFO     Input added: landuse.lum
mic   commands.py        INFO     Ignoring the config as an input: /tmp/mint/files_out.out
mic   commands.py        INFO     Input added: scen_lu.dtl
mic   config_yaml.py     DEBUG    Writing to spec: {'file': '/tmp/mint/mic/mic.yaml', 'data': {'key': 'inputs', 'value': {'snow_sno': {'path': 'snow.sno', 'format': 'sno'}, 'chem_app_ops': {'path': 'chem_app.ops', 'format': 'ops'}, 'cntable_lum': {'path': 'cntable.lum', 'format': 'lum'}, 'rout_unit_def': {'path': 'rout_unit.def', 'format': 'def'}, 'hru-data_hru': {'path': 'hru-data.hru', 'format': 'hru'}, 'plants_plt': {'path': 'plants.plt', 'format': 'plt'}, 'aqu_unit_ele': {'path': 'aqu_unit.ele', 'format': 'ele'}, 'channel_cha': {'path': 'channel.cha', 'format': 'cha'}, 'urban_urb': {'path': 'urban.urb', 'format': 'urb'}, 'hydrology_cha': {'path': 'hydrology.cha', 'format': 'cha'}, 'soil_plant_ini': {'path': 'soil_plant.ini', 'format': 'ini'}, 'weather-sta_cli': {'path': 'weather-sta.cli', 'format': 'cli'}, 'graze_ops': {'path': 'graze.ops', 'format': 'ops'}, 'ovn_table_lum': {'path': 'ovn_table.lum', 'format': 'lum'}, 'septic_str': {'path': 'septic.str', 'format': 'str'}, 'sediment_cha': {'path': 'sediment.cha', 'format': 'cha'}, 'flo_con_dtl': {'path': 'flo_con.dtl', 'format': 'dtl'}, 'chan-surf_lin': {'path': 'chan-surf.lin', 'format': 'lin'}, 'management_sch': {'path': 'management.sch', 'format': 'sch'}, 'rout_unit_ele': {'path': 'rout_unit.ele', 'format': 'ele'}, 'object_cnt': {'path': 'object.cnt', 'format': 'cnt'}, 'aqu_cha_lin': {'path': 'aqu_cha.lin', 'format': 'lin'}, 'ccw01_tmp': {'path': 'ccw01.tmp', 'format': 'tmp'}, 'nutrients_cha': {'path': 'nutrients.cha', 'format': 'cha'}, 'codes_bsn': {'path': 'codes.bsn', 'format': 'bsn'}, 'field_fld': {'path': 'field.fld', 'format': 'fld'}, 'aquifer_con': {'path': 'aquifer.con', 'format': 'con'}, 'pathogens_pth': {'path': 'pathogens.pth', 'format': 'pth'}, 'soils_sol': {'path': 'soils.sol', 'format': 'sol'}, 'parameters_bsn': {'path': 'parameters.bsn', 'format': 'bsn'}, 'weather-wgn_cli': {'path': 'weather-wgn.cli', 'format': 'cli'}, 'ccw01_pcp': {'path': 'ccw01.pcp', 'format': 'pcp'}, 'channel-lte_cha': {'path': 'channel-lte.cha', 'format': 'cha'}, 'pcp_cli': {'path': 'pcp.cli', 'format': 'cli'}, 'print_prt': {'path': 'print.prt', 'format': 'prt'}, 'cons_practice_lum': {'path': 'cons_practice.lum', 'format': 'lum'}, 'septic_sep': {'path': 'septic.sep', 'format': 'sep'}, 'rout_unit_con': {'path': 'rout_unit.con', 'format': 'con'}, 'om_water_ini': {'path': 'om_water.ini', 'format': 'ini'}, 'topography_hyd': {'path': 'topography.hyd', 'format': 'hyd'}, 'rout_unit_rtu': {'path': 'rout_unit.rtu', 'format': 'rtu'}, 'hru_con': {'path': 'hru.con', 'format': 'con'}, 'chandeg_con': {'path': 'chandeg.con', 'format': 'con'}, 'aquifer_aqu': {'path': 'aquifer.aqu', 'format': 'aqu'}, 'sweep_ops': {'path': 'sweep.ops', 'format': 'ops'}, 'initial_cha': {'path': 'initial.cha', 'format': 'cha'}, 'plant_ini': {'path': 'plant.ini', 'format': 'ini'}, 'time_sim': {'path': 'time.sim', 'format': 'sim'}, 'hyd-sed-lte_cha': {'path': 'hyd-sed-lte.cha', 'format': 'cha'}, 'fertilizer_frt': {'path': 'fertilizer.frt', 'format': 'frt'}, 'tmp_cli': {'path': 'tmp.cli', 'format': 'cli'}, 'harv_ops': {'path': 'harv.ops', 'format': 'ops'}, 'res_rel_dtl': {'path': 'res_rel.dtl', 'format': 'dtl'}, 'lum_dtl': {'path': 'lum.dtl', 'format': 'dtl'}, 'pesticide_pst': {'path': 'pesticide.pst', 'format': 'pst'}, 'ls_unit_ele': {'path': 'ls_unit.ele', 'format': 'ele'}, 'tillage_til': {'path': 'tillage.til', 'format': 'til'}, 'hydrology_hyd': {'path': 'hydrology.hyd', 'format': 'hyd'}, 'object_prt': {'path': 'object.prt', 'format': 'prt'}, 'nutrients_sol': {'path': 'nutrients.sol', 'format': 'sol'}, 'initial_aqu': {'path': 'initial.aqu', 'format': 'aqu'}, 'ls_unit_def': {'path': 'ls_unit.def', 'format': 'def'}, 'landuse_lum': {'path': 'landuse.lum', 'format': 'lum'}, 'scen_lu_dtl': {'path': 'scen_lu.dtl', 'format': 'dtl'}}}}
mic   config_yaml.py     DEBUG    Writing to spec: {'file': '/tmp/mint/mic/mic.yaml', 'data': {'key': 'code_files', 'value': {}}}
mic   commands.py        INFO     inputs done
mic   _utils.py          INFO     <=================>
mic   _utils.py          INFO     Command: {'name': 'outputs', 'command_parameters': {'mic_file': {'value': '/tmp/mint/mic/mic.yaml', 'type': 'str'}, 'custom_outputs': {'value': (), 'type': 'tuple'}}}
mic   commands.py        DEBUG    Outputs found from reprozip: ['/tmp/mint/files_out.out', '/tmp/mint/diagnostics.out', '/tmp/mint/basin_crop_yld_aa.txt', '/tmp/mint/channel_sd_yr.txt', '/tmp/mint/basin_wb_aa.txt', '/tmp/mint/hru_wb_aa.txt', '/tmp/mint/basin_crop_yld_yr.txt', '/tmp/mint/basin_aqu_aa.txt', '/tmp/mint/outlet.out', '/tmp/mint/hru_pw_aa.txt', '/tmp/mint/success.fin', '/tmp/mint/hru_wb_day.txt', '/tmp/mint/basin_pw_yr.txt', '/tmp/mint/basin_wb_yr.txt', '/tmp/mint/channel_sdmorph_yr.txt', '/tmp/mint/crop_yld_aa.txt']
mic   config_yaml.py     DEBUG    Writing to spec: {'file': '/tmp/mint/mic/mic.yaml', 'data': {'key': 'outputs', 'value': {'files_out_out': {'path': 'files_out.out', 'format': 'out'}, 'diagnostics_out': {'path': 'diagnostics.out', 'format': 'out'}, 'basin_crop_yld_aa_txt': {'path': 'basin_crop_yld_aa.txt', 'format': 'txt'}, 'channel_sd_yr_txt': {'path': 'channel_sd_yr.txt', 'format': 'txt'}, 'basin_wb_aa_txt': {'path': 'basin_wb_aa.txt', 'format': 'txt'}, 'hru_wb_aa_txt': {'path': 'hru_wb_aa.txt', 'format': 'txt'}, 'basin_crop_yld_yr_txt': {'path': 'basin_crop_yld_yr.txt', 'format': 'txt'}, 'basin_aqu_aa_txt': {'path': 'basin_aqu_aa.txt', 'format': 'txt'}, 'outlet_out': {'path': 'outlet.out', 'format': 'out'}, 'hru_pw_aa_txt': {'path': 'hru_pw_aa.txt', 'format': 'txt'}, 'success_fin': {'path': 'success.fin', 'format': 'fin'}, 'hru_wb_day_txt': {'path': 'hru_wb_day.txt', 'format': 'txt'}, 'basin_pw_yr_txt': {'path': 'basin_pw_yr.txt', 'format': 'txt'}, 'basin_wb_yr_txt': {'path': 'basin_wb_yr.txt', 'format': 'txt'}, 'channel_sdmorph_yr_txt': {'path': 'channel_sdmorph_yr.txt', 'format': 'txt'}, 'crop_yld_aa_txt': {'path': 'crop_yld_aa.txt', 'format': 'txt'}}}}
mic   commands.py        INFO     outputs done
mic   _utils.py          INFO     <=================>
mic   _utils.py          INFO     Command: {'name': 'wrapper', 'command_parameters': {'mic_file': {'value': '/tmp/mint/mic/mic.yaml', 'type': 'str'}}}
mic   commands.py        INFO     Generating wrapper code
mic   reprozip.py        DEBUG    Pre runner code: ''
mic   reprozip.py        DEBUG    Runner code: '\npushd .\nswatplus_exe\npopd'
mic   initialization.py  DEBUG    run file rendered
mic   initialization.py  DEBUG    io file rendered
mic   commands.py        INFO     wrapper done
mic   _utils.py          INFO     <=================>
mic   _utils.py          INFO     Command: {'name': 'run', 'command_parameters': {'mic_file': {'value': '/tmp/mint/mic/mic.yaml', 'type': 'str'}}}
mic   executor.py        INFO     Running: ./run   -i1 /tmp/mint/mic/executions/01_07_22_34_57/src/snow.sno -i2 /tmp/mint/mic/executions/01_07_22_34_57/src/chem_app.ops -i3 /tmp/mint/mic/executions/01_07_22_34_57/src/cntable.lum -i4 /tmp/mint/mic/executions/01_07_22_34_57/src/rout_unit.def -i5 /tmp/mint/mic/executions/01_07_22_34_57/src/hru-data.hru -i6 /tmp/mint/mic/executions/01_07_22_34_57/src/plants.plt -i7 /tmp/mint/mic/executions/01_07_22_34_57/src/aqu_unit.ele -i8 /tmp/mint/mic/executions/01_07_22_34_57/src/channel.cha -i9 /tmp/mint/mic/executions/01_07_22_34_57/src/urban.urb -i10 /tmp/mint/mic/executions/01_07_22_34_57/src/hydrology.cha -i11 /tmp/mint/mic/executions/01_07_22_34_57/src/soil_plant.ini -i12 /tmp/mint/mic/executions/01_07_22_34_57/src/weather-sta.cli -i13 /tmp/mint/mic/executions/01_07_22_34_57/src/graze.ops -i14 /tmp/mint/mic/executions/01_07_22_34_57/src/ovn_table.lum -i15 /tmp/mint/mic/executions/01_07_22_34_57/src/septic.str -i16 /tmp/mint/mic/executions/01_07_22_34_57/src/sediment.cha -i17 /tmp/mint/mic/executions/01_07_22_34_57/src/flo_con.dtl -i18 /tmp/mint/mic/executions/01_07_22_34_57/src/chan-surf.lin -i19 /tmp/mint/mic/executions/01_07_22_34_57/src/management.sch -i20 /tmp/mint/mic/executions/01_07_22_34_57/src/rout_unit.ele -i21 /tmp/mint/mic/executions/01_07_22_34_57/src/object.cnt -i22 /tmp/mint/mic/executions/01_07_22_34_57/src/aqu_cha.lin -i23 /tmp/mint/mic/executions/01_07_22_34_57/src/ccw01.tmp -i24 /tmp/mint/mic/executions/01_07_22_34_57/src/nutrients.cha -i25 /tmp/mint/mic/executions/01_07_22_34_57/src/codes.bsn -i26 /tmp/mint/mic/executions/01_07_22_34_57/src/field.fld -i27 /tmp/mint/mic/executions/01_07_22_34_57/src/aquifer.con -i28 /tmp/mint/mic/executions/01_07_22_34_57/src/pathogens.pth -i29 /tmp/mint/mic/executions/01_07_22_34_57/src/soils.sol -i30 /tmp/mint/mic/executions/01_07_22_34_57/src/parameters.bsn -i31 /tmp/mint/mic/executions/01_07_22_34_57/src/weather-wgn.cli -i32 /tmp/mint/mic/executions/01_07_22_34_57/src/ccw01.pcp -i33 /tmp/mint/mic/executions/01_07_22_34_57/src/channel-lte.cha -i34 /tmp/mint/mic/executions/01_07_22_34_57/src/pcp.cli -i35 /tmp/mint/mic/executions/01_07_22_34_57/src/print.prt -i36 /tmp/mint/mic/executions/01_07_22_34_57/src/cons_practice.lum -i37 /tmp/mint/mic/executions/01_07_22_34_57/src/septic.sep -i38 /tmp/mint/mic/executions/01_07_22_34_57/src/rout_unit.con -i39 /tmp/mint/mic/executions/01_07_22_34_57/src/om_water.ini -i40 /tmp/mint/mic/executions/01_07_22_34_57/src/topography.hyd -i41 /tmp/mint/mic/executions/01_07_22_34_57/src/rout_unit.rtu -i42 /tmp/mint/mic/executions/01_07_22_34_57/src/hru.con -i43 /tmp/mint/mic/executions/01_07_22_34_57/src/chandeg.con -i44 /tmp/mint/mic/executions/01_07_22_34_57/src/aquifer.aqu -i45 /tmp/mint/mic/executions/01_07_22_34_57/src/sweep.ops -i46 /tmp/mint/mic/executions/01_07_22_34_57/src/initial.cha -i47 /tmp/mint/mic/executions/01_07_22_34_57/src/plant.ini -i48 /tmp/mint/mic/executions/01_07_22_34_57/src/time.sim -i49 /tmp/mint/mic/executions/01_07_22_34_57/src/hyd-sed-lte.cha -i50 /tmp/mint/mic/executions/01_07_22_34_57/src/fertilizer.frt -i51 /tmp/mint/mic/executions/01_07_22_34_57/src/tmp.cli -i52 /tmp/mint/mic/executions/01_07_22_34_57/src/harv.ops -i53 /tmp/mint/mic/executions/01_07_22_34_57/src/res_rel.dtl -i54 /tmp/mint/mic/executions/01_07_22_34_57/src/lum.dtl -i55 /tmp/mint/mic/executions/01_07_22_34_57/src/pesticide.pst -i56 /tmp/mint/mic/executions/01_07_22_34_57/src/ls_unit.ele -i57 /tmp/mint/mic/executions/01_07_22_34_57/src/tillage.til -i58 /tmp/mint/mic/executions/01_07_22_34_57/src/hydrology.hyd -i59 /tmp/mint/mic/executions/01_07_22_34_57/src/object.prt -i60 /tmp/mint/mic/executions/01_07_22_34_57/src/nutrients.sol -i61 /tmp/mint/mic/executions/01_07_22_34_57/src/initial.aqu -i62 /tmp/mint/mic/executions/01_07_22_34_57/src/ls_unit.def -i63 /tmp/mint/mic/executions/01_07_22_34_57/src/landuse.lum -i64 /tmp/mint/mic/executions/01_07_22_34_57/src/scen_lu.dtl  -o1 files_out_out.out -o2 diagnostics_out.out -o3 basin_crop_yld_aa_txt.txt -o4 channel_sd_yr_txt.txt -o5 basin_wb_aa_txt.txt -o6 hru_wb_aa_txt.txt -o7 basin_crop_yld_yr_txt.txt -o8 basin_aqu_aa_txt.txt -o9 outlet_out.out -o10 hru_pw_aa_txt.txt -o11 success_fin.fin -o12 hru_wb_day_txt.txt -o13 basin_pw_yr_txt.txt -o14 basin_wb_yr_txt.txt -o15 channel_sdmorph_yr_txt.txt -o16 crop_yld_aa_txt.txt 
mic   executor.py        DEBUG    exe_arr: ['./run', '-i1', '/tmp/mint/mic/executions/01_07_22_34_57/src/snow.sno', '-i2', '/tmp/mint/mic/executions/01_07_22_34_57/src/chem_app.ops', '-i3', '/tmp/mint/mic/executions/01_07_22_34_57/src/cntable.lum', '-i4', '/tmp/mint/mic/executions/01_07_22_34_57/src/rout_unit.def', '-i5', '/tmp/mint/mic/executions/01_07_22_34_57/src/hru-data.hru', '-i6', '/tmp/mint/mic/executions/01_07_22_34_57/src/plants.plt', '-i7', '/tmp/mint/mic/executions/01_07_22_34_57/src/aqu_unit.ele', '-i8', '/tmp/mint/mic/executions/01_07_22_34_57/src/channel.cha', '-i9', '/tmp/mint/mic/executions/01_07_22_34_57/src/urban.urb', '-i10', '/tmp/mint/mic/executions/01_07_22_34_57/src/hydrology.cha', '-i11', '/tmp/mint/mic/executions/01_07_22_34_57/src/soil_plant.ini', '-i12', '/tmp/mint/mic/executions/01_07_22_34_57/src/weather-sta.cli', '-i13', '/tmp/mint/mic/executions/01_07_22_34_57/src/graze.ops', '-i14', '/tmp/mint/mic/executions/01_07_22_34_57/src/ovn_table.lum', '-i15', '/tmp/mint/mic/executions/01_07_22_34_57/src/septic.str', '-i16', '/tmp/mint/mic/executions/01_07_22_34_57/src/sediment.cha', '-i17', '/tmp/mint/mic/executions/01_07_22_34_57/src/flo_con.dtl', '-i18', '/tmp/mint/mic/executions/01_07_22_34_57/src/chan-surf.lin', '-i19', '/tmp/mint/mic/executions/01_07_22_34_57/src/management.sch', '-i20', '/tmp/mint/mic/executions/01_07_22_34_57/src/rout_unit.ele', '-i21', '/tmp/mint/mic/executions/01_07_22_34_57/src/object.cnt', '-i22', '/tmp/mint/mic/executions/01_07_22_34_57/src/aqu_cha.lin', '-i23', '/tmp/mint/mic/executions/01_07_22_34_57/src/ccw01.tmp', '-i24', '/tmp/mint/mic/executions/01_07_22_34_57/src/nutrients.cha', '-i25', '/tmp/mint/mic/executions/01_07_22_34_57/src/codes.bsn', '-i26', '/tmp/mint/mic/executions/01_07_22_34_57/src/field.fld', '-i27', '/tmp/mint/mic/executions/01_07_22_34_57/src/aquifer.con', '-i28', '/tmp/mint/mic/executions/01_07_22_34_57/src/pathogens.pth', '-i29', '/tmp/mint/mic/executions/01_07_22_34_57/src/soils.sol', '-i30', '/tmp/mint/mic/executions/01_07_22_34_57/src/parameters.bsn', '-i31', '/tmp/mint/mic/executions/01_07_22_34_57/src/weather-wgn.cli', '-i32', '/tmp/mint/mic/executions/01_07_22_34_57/src/ccw01.pcp', '-i33', '/tmp/mint/mic/executions/01_07_22_34_57/src/channel-lte.cha', '-i34', '/tmp/mint/mic/executions/01_07_22_34_57/src/pcp.cli', '-i35', '/tmp/mint/mic/executions/01_07_22_34_57/src/print.prt', '-i36', '/tmp/mint/mic/executions/01_07_22_34_57/src/cons_practice.lum', '-i37', '/tmp/mint/mic/executions/01_07_22_34_57/src/septic.sep', '-i38', '/tmp/mint/mic/executions/01_07_22_34_57/src/rout_unit.con', '-i39', '/tmp/mint/mic/executions/01_07_22_34_57/src/om_water.ini', '-i40', '/tmp/mint/mic/executions/01_07_22_34_57/src/topography.hyd', '-i41', '/tmp/mint/mic/executions/01_07_22_34_57/src/rout_unit.rtu', '-i42', '/tmp/mint/mic/executions/01_07_22_34_57/src/hru.con', '-i43', '/tmp/mint/mic/executions/01_07_22_34_57/src/chandeg.con', '-i44', '/tmp/mint/mic/executions/01_07_22_34_57/src/aquifer.aqu', '-i45', '/tmp/mint/mic/executions/01_07_22_34_57/src/sweep.ops', '-i46', '/tmp/mint/mic/executions/01_07_22_34_57/src/initial.cha', '-i47', '/tmp/mint/mic/executions/01_07_22_34_57/src/plant.ini', '-i48', '/tmp/mint/mic/executions/01_07_22_34_57/src/time.sim', '-i49', '/tmp/mint/mic/executions/01_07_22_34_57/src/hyd-sed-lte.cha', '-i50', '/tmp/mint/mic/executions/01_07_22_34_57/src/fertilizer.frt', '-i51', '/tmp/mint/mic/executions/01_07_22_34_57/src/tmp.cli', '-i52', '/tmp/mint/mic/executions/01_07_22_34_57/src/harv.ops', '-i53', '/tmp/mint/mic/executions/01_07_22_34_57/src/res_rel.dtl', '-i54', '/tmp/mint/mic/executions/01_07_22_34_57/src/lum.dtl', '-i55', '/tmp/mint/mic/executions/01_07_22_34_57/src/pesticide.pst', '-i56', '/tmp/mint/mic/executions/01_07_22_34_57/src/ls_unit.ele', '-i57', '/tmp/mint/mic/executions/01_07_22_34_57/src/tillage.til', '-i58', '/tmp/mint/mic/executions/01_07_22_34_57/src/hydrology.hyd', '-i59', '/tmp/mint/mic/executions/01_07_22_34_57/src/object.prt', '-i60', '/tmp/mint/mic/executions/01_07_22_34_57/src/nutrients.sol', '-i61', '/tmp/mint/mic/executions/01_07_22_34_57/src/initial.aqu', '-i62', '/tmp/mint/mic/executions/01_07_22_34_57/src/ls_unit.def', '-i63', '/tmp/mint/mic/executions/01_07_22_34_57/src/landuse.lum', '-i64', '/tmp/mint/mic/executions/01_07_22_34_57/src/scen_lu.dtl', '-o1', 'files_out_out.out', '-o2', 'diagnostics_out.out', '-o3', 'basin_crop_yld_aa_txt.txt', '-o4', 'channel_sd_yr_txt.txt', '-o5', 'basin_wb_aa_txt.txt', '-o6', 'hru_wb_aa_txt.txt', '-o7', 'basin_crop_yld_yr_txt.txt', '-o8', 'basin_aqu_aa_txt.txt', '-o9', 'outlet_out.out', '-o10', 'hru_pw_aa_txt.txt', '-o11', 'success_fin.fin', '-o12', 'hru_wb_day_txt.txt', '-o13', 'basin_pw_yr_txt.txt', '-o14', 'basin_wb_yr_txt.txt', '-o15', 'channel_sdmorph_yr_txt.txt', '-o16', 'crop_yld_aa_txt.txt']
mic   commands.py        WARNING  Run failed
mic   commands.py        INFO     run done
mic   _utils.py          INFO     <=================>
mic   _utils.py          INFO     Command: {'name': 'run', 'command_parameters': {'mic_file': {'value': '/tmp/mint/mic/mic.yaml', 'type': 'str'}}}
mic   executor.py        INFO     Running: ./run   -i1 /tmp/mint/mic/executions/01_07_22_40_13/src/snow.sno -i2 /tmp/mint/mic/executions/01_07_22_40_13/src/chem_app.ops -i3 /tmp/mint/mic/executions/01_07_22_40_13/src/cntable.lum -i4 /tmp/mint/mic/executions/01_07_22_40_13/src/rout_unit.def -i5 /tmp/mint/mic/executions/01_07_22_40_13/src/hru-data.hru -i6 /tmp/mint/mic/executions/01_07_22_40_13/src/plants.plt -i7 /tmp/mint/mic/executions/01_07_22_40_13/src/aqu_unit.ele -i8 /tmp/mint/mic/executions/01_07_22_40_13/src/channel.cha -i9 /tmp/mint/mic/executions/01_07_22_40_13/src/urban.urb -i10 /tmp/mint/mic/executions/01_07_22_40_13/src/hydrology.cha -i11 /tmp/mint/mic/executions/01_07_22_40_13/src/soil_plant.ini -i12 /tmp/mint/mic/executions/01_07_22_40_13/src/weather-sta.cli -i13 /tmp/mint/mic/executions/01_07_22_40_13/src/graze.ops -i14 /tmp/mint/mic/executions/01_07_22_40_13/src/ovn_table.lum -i15 /tmp/mint/mic/executions/01_07_22_40_13/src/septic.str -i16 /tmp/mint/mic/executions/01_07_22_40_13/src/sediment.cha -i17 /tmp/mint/mic/executions/01_07_22_40_13/src/flo_con.dtl -i18 /tmp/mint/mic/executions/01_07_22_40_13/src/chan-surf.lin -i19 /tmp/mint/mic/executions/01_07_22_40_13/src/management.sch -i20 /tmp/mint/mic/executions/01_07_22_40_13/src/rout_unit.ele -i21 /tmp/mint/mic/executions/01_07_22_40_13/src/object.cnt -i22 /tmp/mint/mic/executions/01_07_22_40_13/src/aqu_cha.lin -i23 /tmp/mint/mic/executions/01_07_22_40_13/src/ccw01.tmp -i24 /tmp/mint/mic/executions/01_07_22_40_13/src/nutrients.cha -i25 /tmp/mint/mic/executions/01_07_22_40_13/src/codes.bsn -i26 /tmp/mint/mic/executions/01_07_22_40_13/src/field.fld -i27 /tmp/mint/mic/executions/01_07_22_40_13/src/aquifer.con -i28 /tmp/mint/mic/executions/01_07_22_40_13/src/pathogens.pth -i29 /tmp/mint/mic/executions/01_07_22_40_13/src/soils.sol -i30 /tmp/mint/mic/executions/01_07_22_40_13/src/parameters.bsn -i31 /tmp/mint/mic/executions/01_07_22_40_13/src/weather-wgn.cli -i32 /tmp/mint/mic/executions/01_07_22_40_13/src/ccw01.pcp -i33 /tmp/mint/mic/executions/01_07_22_40_13/src/channel-lte.cha -i34 /tmp/mint/mic/executions/01_07_22_40_13/src/pcp.cli -i35 /tmp/mint/mic/executions/01_07_22_40_13/src/print.prt -i36 /tmp/mint/mic/executions/01_07_22_40_13/src/cons_practice.lum -i37 /tmp/mint/mic/executions/01_07_22_40_13/src/septic.sep -i38 /tmp/mint/mic/executions/01_07_22_40_13/src/rout_unit.con -i39 /tmp/mint/mic/executions/01_07_22_40_13/src/om_water.ini -i40 /tmp/mint/mic/executions/01_07_22_40_13/src/topography.hyd -i41 /tmp/mint/mic/executions/01_07_22_40_13/src/rout_unit.rtu -i42 /tmp/mint/mic/executions/01_07_22_40_13/src/hru.con -i43 /tmp/mint/mic/executions/01_07_22_40_13/src/chandeg.con -i44 /tmp/mint/mic/executions/01_07_22_40_13/src/aquifer.aqu -i45 /tmp/mint/mic/executions/01_07_22_40_13/src/sweep.ops -i46 /tmp/mint/mic/executions/01_07_22_40_13/src/initial.cha -i47 /tmp/mint/mic/executions/01_07_22_40_13/src/plant.ini -i48 /tmp/mint/mic/executions/01_07_22_40_13/src/time.sim -i49 /tmp/mint/mic/executions/01_07_22_40_13/src/hyd-sed-lte.cha -i50 /tmp/mint/mic/executions/01_07_22_40_13/src/fertilizer.frt -i51 /tmp/mint/mic/executions/01_07_22_40_13/src/tmp.cli -i52 /tmp/mint/mic/executions/01_07_22_40_13/src/harv.ops -i53 /tmp/mint/mic/executions/01_07_22_40_13/src/res_rel.dtl -i54 /tmp/mint/mic/executions/01_07_22_40_13/src/lum.dtl -i55 /tmp/mint/mic/executions/01_07_22_40_13/src/pesticide.pst -i56 /tmp/mint/mic/executions/01_07_22_40_13/src/ls_unit.ele -i57 /tmp/mint/mic/executions/01_07_22_40_13/src/tillage.til -i58 /tmp/mint/mic/executions/01_07_22_40_13/src/hydrology.hyd -i59 /tmp/mint/mic/executions/01_07_22_40_13/src/object.prt -i60 /tmp/mint/mic/executions/01_07_22_40_13/src/nutrients.sol -i61 /tmp/mint/mic/executions/01_07_22_40_13/src/initial.aqu -i62 /tmp/mint/mic/executions/01_07_22_40_13/src/ls_unit.def -i63 /tmp/mint/mic/executions/01_07_22_40_13/src/landuse.lum -i64 /tmp/mint/mic/executions/01_07_22_40_13/src/scen_lu.dtl  -o1 files_out_out.out -o2 diagnostics_out.out -o3 basin_crop_yld_aa_txt.txt -o4 channel_sd_yr_txt.txt -o5 basin_wb_aa_txt.txt -o6 hru_wb_aa_txt.txt -o7 basin_crop_yld_yr_txt.txt -o8 basin_aqu_aa_txt.txt -o9 outlet_out.out -o10 hru_pw_aa_txt.txt -o11 success_fin.fin -o12 hru_wb_day_txt.txt -o13 basin_pw_yr_txt.txt -o14 basin_wb_yr_txt.txt -o15 channel_sdmorph_yr_txt.txt -o16 crop_yld_aa_txt.txt 
mic   executor.py        DEBUG    exe_arr: ['./run', '-i1', '/tmp/mint/mic/executions/01_07_22_40_13/src/snow.sno', '-i2', '/tmp/mint/mic/executions/01_07_22_40_13/src/chem_app.ops', '-i3', '/tmp/mint/mic/executions/01_07_22_40_13/src/cntable.lum', '-i4', '/tmp/mint/mic/executions/01_07_22_40_13/src/rout_unit.def', '-i5', '/tmp/mint/mic/executions/01_07_22_40_13/src/hru-data.hru', '-i6', '/tmp/mint/mic/executions/01_07_22_40_13/src/plants.plt', '-i7', '/tmp/mint/mic/executions/01_07_22_40_13/src/aqu_unit.ele', '-i8', '/tmp/mint/mic/executions/01_07_22_40_13/src/channel.cha', '-i9', '/tmp/mint/mic/executions/01_07_22_40_13/src/urban.urb', '-i10', '/tmp/mint/mic/executions/01_07_22_40_13/src/hydrology.cha', '-i11', '/tmp/mint/mic/executions/01_07_22_40_13/src/soil_plant.ini', '-i12', '/tmp/mint/mic/executions/01_07_22_40_13/src/weather-sta.cli', '-i13', '/tmp/mint/mic/executions/01_07_22_40_13/src/graze.ops', '-i14', '/tmp/mint/mic/executions/01_07_22_40_13/src/ovn_table.lum', '-i15', '/tmp/mint/mic/executions/01_07_22_40_13/src/septic.str', '-i16', '/tmp/mint/mic/executions/01_07_22_40_13/src/sediment.cha', '-i17', '/tmp/mint/mic/executions/01_07_22_40_13/src/flo_con.dtl', '-i18', '/tmp/mint/mic/executions/01_07_22_40_13/src/chan-surf.lin', '-i19', '/tmp/mint/mic/executions/01_07_22_40_13/src/management.sch', '-i20', '/tmp/mint/mic/executions/01_07_22_40_13/src/rout_unit.ele', '-i21', '/tmp/mint/mic/executions/01_07_22_40_13/src/object.cnt', '-i22', '/tmp/mint/mic/executions/01_07_22_40_13/src/aqu_cha.lin', '-i23', '/tmp/mint/mic/executions/01_07_22_40_13/src/ccw01.tmp', '-i24', '/tmp/mint/mic/executions/01_07_22_40_13/src/nutrients.cha', '-i25', '/tmp/mint/mic/executions/01_07_22_40_13/src/codes.bsn', '-i26', '/tmp/mint/mic/executions/01_07_22_40_13/src/field.fld', '-i27', '/tmp/mint/mic/executions/01_07_22_40_13/src/aquifer.con', '-i28', '/tmp/mint/mic/executions/01_07_22_40_13/src/pathogens.pth', '-i29', '/tmp/mint/mic/executions/01_07_22_40_13/src/soils.sol', '-i30', '/tmp/mint/mic/executions/01_07_22_40_13/src/parameters.bsn', '-i31', '/tmp/mint/mic/executions/01_07_22_40_13/src/weather-wgn.cli', '-i32', '/tmp/mint/mic/executions/01_07_22_40_13/src/ccw01.pcp', '-i33', '/tmp/mint/mic/executions/01_07_22_40_13/src/channel-lte.cha', '-i34', '/tmp/mint/mic/executions/01_07_22_40_13/src/pcp.cli', '-i35', '/tmp/mint/mic/executions/01_07_22_40_13/src/print.prt', '-i36', '/tmp/mint/mic/executions/01_07_22_40_13/src/cons_practice.lum', '-i37', '/tmp/mint/mic/executions/01_07_22_40_13/src/septic.sep', '-i38', '/tmp/mint/mic/executions/01_07_22_40_13/src/rout_unit.con', '-i39', '/tmp/mint/mic/executions/01_07_22_40_13/src/om_water.ini', '-i40', '/tmp/mint/mic/executions/01_07_22_40_13/src/topography.hyd', '-i41', '/tmp/mint/mic/executions/01_07_22_40_13/src/rout_unit.rtu', '-i42', '/tmp/mint/mic/executions/01_07_22_40_13/src/hru.con', '-i43', '/tmp/mint/mic/executions/01_07_22_40_13/src/chandeg.con', '-i44', '/tmp/mint/mic/executions/01_07_22_40_13/src/aquifer.aqu', '-i45', '/tmp/mint/mic/executions/01_07_22_40_13/src/sweep.ops', '-i46', '/tmp/mint/mic/executions/01_07_22_40_13/src/initial.cha', '-i47', '/tmp/mint/mic/executions/01_07_22_40_13/src/plant.ini', '-i48', '/tmp/mint/mic/executions/01_07_22_40_13/src/time.sim', '-i49', '/tmp/mint/mic/executions/01_07_22_40_13/src/hyd-sed-lte.cha', '-i50', '/tmp/mint/mic/executions/01_07_22_40_13/src/fertilizer.frt', '-i51', '/tmp/mint/mic/executions/01_07_22_40_13/src/tmp.cli', '-i52', '/tmp/mint/mic/executions/01_07_22_40_13/src/harv.ops', '-i53', '/tmp/mint/mic/executions/01_07_22_40_13/src/res_rel.dtl', '-i54', '/tmp/mint/mic/executions/01_07_22_40_13/src/lum.dtl', '-i55', '/tmp/mint/mic/executions/01_07_22_40_13/src/pesticide.pst', '-i56', '/tmp/mint/mic/executions/01_07_22_40_13/src/ls_unit.ele', '-i57', '/tmp/mint/mic/executions/01_07_22_40_13/src/tillage.til', '-i58', '/tmp/mint/mic/executions/01_07_22_40_13/src/hydrology.hyd', '-i59', '/tmp/mint/mic/executions/01_07_22_40_13/src/object.prt', '-i60', '/tmp/mint/mic/executions/01_07_22_40_13/src/nutrients.sol', '-i61', '/tmp/mint/mic/executions/01_07_22_40_13/src/initial.aqu', '-i62', '/tmp/mint/mic/executions/01_07_22_40_13/src/ls_unit.def', '-i63', '/tmp/mint/mic/executions/01_07_22_40_13/src/landuse.lum', '-i64', '/tmp/mint/mic/executions/01_07_22_40_13/src/scen_lu.dtl', '-o1', 'files_out_out.out', '-o2', 'diagnostics_out.out', '-o3', 'basin_crop_yld_aa_txt.txt', '-o4', 'channel_sd_yr_txt.txt', '-o5', 'basin_wb_aa_txt.txt', '-o6', 'hru_wb_aa_txt.txt', '-o7', 'basin_crop_yld_yr_txt.txt', '-o8', 'basin_aqu_aa_txt.txt', '-o9', 'outlet_out.out', '-o10', 'hru_pw_aa_txt.txt', '-o11', 'success_fin.fin', '-o12', 'hru_wb_day_txt.txt', '-o13', 'basin_pw_yr_txt.txt', '-o14', 'basin_wb_yr_txt.txt', '-o15', 'channel_sdmorph_yr_txt.txt', '-o16', 'crop_yld_aa_txt.txt']
mic   commands.py        WARNING  Run failed
mic   commands.py        INFO     run done
mic   _utils.py          INFO     <=================>
mic   _utils.py          INFO     Command: {'name': 'run', 'command_parameters': {'mic_file': {'value': '/tmp/mint/mic/mic.yaml', 'type': 'str'}}}
mic   executor.py        INFO     Running: ./run   -i1 /tmp/mint/mic/executions/01_07_22_41_35/src/snow.sno -i2 /tmp/mint/mic/executions/01_07_22_41_35/src/chem_app.ops -i3 /tmp/mint/mic/executions/01_07_22_41_35/src/cntable.lum -i4 /tmp/mint/mic/executions/01_07_22_41_35/src/rout_unit.def -i5 /tmp/mint/mic/executions/01_07_22_41_35/src/hru-data.hru -i6 /tmp/mint/mic/executions/01_07_22_41_35/src/plants.plt -i7 /tmp/mint/mic/executions/01_07_22_41_35/src/aqu_unit.ele -i8 /tmp/mint/mic/executions/01_07_22_41_35/src/channel.cha -i9 /tmp/mint/mic/executions/01_07_22_41_35/src/urban.urb -i10 /tmp/mint/mic/executions/01_07_22_41_35/src/hydrology.cha -i11 /tmp/mint/mic/executions/01_07_22_41_35/src/soil_plant.ini -i12 /tmp/mint/mic/executions/01_07_22_41_35/src/weather-sta.cli -i13 /tmp/mint/mic/executions/01_07_22_41_35/src/graze.ops -i14 /tmp/mint/mic/executions/01_07_22_41_35/src/ovn_table.lum -i15 /tmp/mint/mic/executions/01_07_22_41_35/src/septic.str -i16 /tmp/mint/mic/executions/01_07_22_41_35/src/sediment.cha -i17 /tmp/mint/mic/executions/01_07_22_41_35/src/flo_con.dtl -i18 /tmp/mint/mic/executions/01_07_22_41_35/src/chan-surf.lin -i19 /tmp/mint/mic/executions/01_07_22_41_35/src/management.sch -i20 /tmp/mint/mic/executions/01_07_22_41_35/src/rout_unit.ele -i21 /tmp/mint/mic/executions/01_07_22_41_35/src/object.cnt -i22 /tmp/mint/mic/executions/01_07_22_41_35/src/aqu_cha.lin -i23 /tmp/mint/mic/executions/01_07_22_41_35/src/ccw01.tmp -i24 /tmp/mint/mic/executions/01_07_22_41_35/src/nutrients.cha -i25 /tmp/mint/mic/executions/01_07_22_41_35/src/codes.bsn -i26 /tmp/mint/mic/executions/01_07_22_41_35/src/field.fld -i27 /tmp/mint/mic/executions/01_07_22_41_35/src/aquifer.con -i28 /tmp/mint/mic/executions/01_07_22_41_35/src/pathogens.pth -i29 /tmp/mint/mic/executions/01_07_22_41_35/src/soils.sol -i30 /tmp/mint/mic/executions/01_07_22_41_35/src/parameters.bsn -i31 /tmp/mint/mic/executions/01_07_22_41_35/src/weather-wgn.cli -i32 /tmp/mint/mic/executions/01_07_22_41_35/src/ccw01.pcp -i33 /tmp/mint/mic/executions/01_07_22_41_35/src/channel-lte.cha -i34 /tmp/mint/mic/executions/01_07_22_41_35/src/pcp.cli -i35 /tmp/mint/mic/executions/01_07_22_41_35/src/print.prt -i36 /tmp/mint/mic/executions/01_07_22_41_35/src/cons_practice.lum -i37 /tmp/mint/mic/executions/01_07_22_41_35/src/septic.sep -i38 /tmp/mint/mic/executions/01_07_22_41_35/src/rout_unit.con -i39 /tmp/mint/mic/executions/01_07_22_41_35/src/om_water.ini -i40 /tmp/mint/mic/executions/01_07_22_41_35/src/topography.hyd -i41 /tmp/mint/mic/executions/01_07_22_41_35/src/rout_unit.rtu -i42 /tmp/mint/mic/executions/01_07_22_41_35/src/hru.con -i43 /tmp/mint/mic/executions/01_07_22_41_35/src/chandeg.con -i44 /tmp/mint/mic/executions/01_07_22_41_35/src/aquifer.aqu -i45 /tmp/mint/mic/executions/01_07_22_41_35/src/sweep.ops -i46 /tmp/mint/mic/executions/01_07_22_41_35/src/initial.cha -i47 /tmp/mint/mic/executions/01_07_22_41_35/src/plant.ini -i48 /tmp/mint/mic/executions/01_07_22_41_35/src/time.sim -i49 /tmp/mint/mic/executions/01_07_22_41_35/src/hyd-sed-lte.cha -i50 /tmp/mint/mic/executions/01_07_22_41_35/src/fertilizer.frt -i51 /tmp/mint/mic/executions/01_07_22_41_35/src/tmp.cli -i52 /tmp/mint/mic/executions/01_07_22_41_35/src/harv.ops -i53 /tmp/mint/mic/executions/01_07_22_41_35/src/res_rel.dtl -i54 /tmp/mint/mic/executions/01_07_22_41_35/src/lum.dtl -i55 /tmp/mint/mic/executions/01_07_22_41_35/src/pesticide.pst -i56 /tmp/mint/mic/executions/01_07_22_41_35/src/ls_unit.ele -i57 /tmp/mint/mic/executions/01_07_22_41_35/src/tillage.til -i58 /tmp/mint/mic/executions/01_07_22_41_35/src/hydrology.hyd -i59 /tmp/mint/mic/executions/01_07_22_41_35/src/object.prt -i60 /tmp/mint/mic/executions/01_07_22_41_35/src/nutrients.sol -i61 /tmp/mint/mic/executions/01_07_22_41_35/src/initial.aqu -i62 /tmp/mint/mic/executions/01_07_22_41_35/src/ls_unit.def -i63 /tmp/mint/mic/executions/01_07_22_41_35/src/landuse.lum -i64 /tmp/mint/mic/executions/01_07_22_41_35/src/scen_lu.dtl  -o1 files_out_out.out -o2 diagnostics_out.out -o3 basin_crop_yld_aa_txt.txt -o4 channel_sd_yr_txt.txt -o5 basin_wb_aa_txt.txt -o6 hru_wb_aa_txt.txt -o7 basin_crop_yld_yr_txt.txt -o8 basin_aqu_aa_txt.txt -o9 outlet_out.out -o10 hru_pw_aa_txt.txt -o11 success_fin.fin -o12 hru_wb_day_txt.txt -o13 basin_pw_yr_txt.txt -o14 basin_wb_yr_txt.txt -o15 channel_sdmorph_yr_txt.txt -o16 crop_yld_aa_txt.txt 
mic   executor.py        DEBUG    exe_arr: ['./run', '-i1', '/tmp/mint/mic/executions/01_07_22_41_35/src/snow.sno', '-i2', '/tmp/mint/mic/executions/01_07_22_41_35/src/chem_app.ops', '-i3', '/tmp/mint/mic/executions/01_07_22_41_35/src/cntable.lum', '-i4', '/tmp/mint/mic/executions/01_07_22_41_35/src/rout_unit.def', '-i5', '/tmp/mint/mic/executions/01_07_22_41_35/src/hru-data.hru', '-i6', '/tmp/mint/mic/executions/01_07_22_41_35/src/plants.plt', '-i7', '/tmp/mint/mic/executions/01_07_22_41_35/src/aqu_unit.ele', '-i8', '/tmp/mint/mic/executions/01_07_22_41_35/src/channel.cha', '-i9', '/tmp/mint/mic/executions/01_07_22_41_35/src/urban.urb', '-i10', '/tmp/mint/mic/executions/01_07_22_41_35/src/hydrology.cha', '-i11', '/tmp/mint/mic/executions/01_07_22_41_35/src/soil_plant.ini', '-i12', '/tmp/mint/mic/executions/01_07_22_41_35/src/weather-sta.cli', '-i13', '/tmp/mint/mic/executions/01_07_22_41_35/src/graze.ops', '-i14', '/tmp/mint/mic/executions/01_07_22_41_35/src/ovn_table.lum', '-i15', '/tmp/mint/mic/executions/01_07_22_41_35/src/septic.str', '-i16', '/tmp/mint/mic/executions/01_07_22_41_35/src/sediment.cha', '-i17', '/tmp/mint/mic/executions/01_07_22_41_35/src/flo_con.dtl', '-i18', '/tmp/mint/mic/executions/01_07_22_41_35/src/chan-surf.lin', '-i19', '/tmp/mint/mic/executions/01_07_22_41_35/src/management.sch', '-i20', '/tmp/mint/mic/executions/01_07_22_41_35/src/rout_unit.ele', '-i21', '/tmp/mint/mic/executions/01_07_22_41_35/src/object.cnt', '-i22', '/tmp/mint/mic/executions/01_07_22_41_35/src/aqu_cha.lin', '-i23', '/tmp/mint/mic/executions/01_07_22_41_35/src/ccw01.tmp', '-i24', '/tmp/mint/mic/executions/01_07_22_41_35/src/nutrients.cha', '-i25', '/tmp/mint/mic/executions/01_07_22_41_35/src/codes.bsn', '-i26', '/tmp/mint/mic/executions/01_07_22_41_35/src/field.fld', '-i27', '/tmp/mint/mic/executions/01_07_22_41_35/src/aquifer.con', '-i28', '/tmp/mint/mic/executions/01_07_22_41_35/src/pathogens.pth', '-i29', '/tmp/mint/mic/executions/01_07_22_41_35/src/soils.sol', '-i30', '/tmp/mint/mic/executions/01_07_22_41_35/src/parameters.bsn', '-i31', '/tmp/mint/mic/executions/01_07_22_41_35/src/weather-wgn.cli', '-i32', '/tmp/mint/mic/executions/01_07_22_41_35/src/ccw01.pcp', '-i33', '/tmp/mint/mic/executions/01_07_22_41_35/src/channel-lte.cha', '-i34', '/tmp/mint/mic/executions/01_07_22_41_35/src/pcp.cli', '-i35', '/tmp/mint/mic/executions/01_07_22_41_35/src/print.prt', '-i36', '/tmp/mint/mic/executions/01_07_22_41_35/src/cons_practice.lum', '-i37', '/tmp/mint/mic/executions/01_07_22_41_35/src/septic.sep', '-i38', '/tmp/mint/mic/executions/01_07_22_41_35/src/rout_unit.con', '-i39', '/tmp/mint/mic/executions/01_07_22_41_35/src/om_water.ini', '-i40', '/tmp/mint/mic/executions/01_07_22_41_35/src/topography.hyd', '-i41', '/tmp/mint/mic/executions/01_07_22_41_35/src/rout_unit.rtu', '-i42', '/tmp/mint/mic/executions/01_07_22_41_35/src/hru.con', '-i43', '/tmp/mint/mic/executions/01_07_22_41_35/src/chandeg.con', '-i44', '/tmp/mint/mic/executions/01_07_22_41_35/src/aquifer.aqu', '-i45', '/tmp/mint/mic/executions/01_07_22_41_35/src/sweep.ops', '-i46', '/tmp/mint/mic/executions/01_07_22_41_35/src/initial.cha', '-i47', '/tmp/mint/mic/executions/01_07_22_41_35/src/plant.ini', '-i48', '/tmp/mint/mic/executions/01_07_22_41_35/src/time.sim', '-i49', '/tmp/mint/mic/executions/01_07_22_41_35/src/hyd-sed-lte.cha', '-i50', '/tmp/mint/mic/executions/01_07_22_41_35/src/fertilizer.frt', '-i51', '/tmp/mint/mic/executions/01_07_22_41_35/src/tmp.cli', '-i52', '/tmp/mint/mic/executions/01_07_22_41_35/src/harv.ops', '-i53', '/tmp/mint/mic/executions/01_07_22_41_35/src/res_rel.dtl', '-i54', '/tmp/mint/mic/executions/01_07_22_41_35/src/lum.dtl', '-i55', '/tmp/mint/mic/executions/01_07_22_41_35/src/pesticide.pst', '-i56', '/tmp/mint/mic/executions/01_07_22_41_35/src/ls_unit.ele', '-i57', '/tmp/mint/mic/executions/01_07_22_41_35/src/tillage.til', '-i58', '/tmp/mint/mic/executions/01_07_22_41_35/src/hydrology.hyd', '-i59', '/tmp/mint/mic/executions/01_07_22_41_35/src/object.prt', '-i60', '/tmp/mint/mic/executions/01_07_22_41_35/src/nutrients.sol', '-i61', '/tmp/mint/mic/executions/01_07_22_41_35/src/initial.aqu', '-i62', '/tmp/mint/mic/executions/01_07_22_41_35/src/ls_unit.def', '-i63', '/tmp/mint/mic/executions/01_07_22_41_35/src/landuse.lum', '-i64', '/tmp/mint/mic/executions/01_07_22_41_35/src/scen_lu.dtl', '-o1', 'files_out_out.out', '-o2', 'diagnostics_out.out', '-o3', 'basin_crop_yld_aa_txt.txt', '-o4', 'channel_sd_yr_txt.txt', '-o5', 'basin_wb_aa_txt.txt', '-o6', 'hru_wb_aa_txt.txt', '-o7', 'basin_crop_yld_yr_txt.txt', '-o8', 'basin_aqu_aa_txt.txt', '-o9', 'outlet_out.out', '-o10', 'hru_pw_aa_txt.txt', '-o11', 'success_fin.fin', '-o12', 'hru_wb_day_txt.txt', '-o13', 'basin_pw_yr_txt.txt', '-o14', 'basin_wb_yr_txt.txt', '-o15', 'channel_sdmorph_yr_txt.txt', '-o16', 'crop_yld_aa_txt.txt']
mic   commands.py        WARNING  Run failed
mic   commands.py        INFO     run done
mic   _utils.py          INFO     <=================>
mic   _utils.py          INFO     Command: {'name': 'run', 'command_parameters': {'mic_file': {'value': '/tmp/mint/mic/mic.yaml', 'type': 'str'}}}
mic   executor.py        INFO     Running: ./run   -i1 /tmp/mint/mic/executions/01_07_22_42_28/src/snow.sno -i2 /tmp/mint/mic/executions/01_07_22_42_28/src/chem_app.ops -i3 /tmp/mint/mic/executions/01_07_22_42_28/src/cntable.lum -i4 /tmp/mint/mic/executions/01_07_22_42_28/src/rout_unit.def -i5 /tmp/mint/mic/executions/01_07_22_42_28/src/hru-data.hru -i6 /tmp/mint/mic/executions/01_07_22_42_28/src/plants.plt -i7 /tmp/mint/mic/executions/01_07_22_42_28/src/aqu_unit.ele -i8 /tmp/mint/mic/executions/01_07_22_42_28/src/channel.cha -i9 /tmp/mint/mic/executions/01_07_22_42_28/src/urban.urb -i10 /tmp/mint/mic/executions/01_07_22_42_28/src/hydrology.cha -i11 /tmp/mint/mic/executions/01_07_22_42_28/src/soil_plant.ini -i12 /tmp/mint/mic/executions/01_07_22_42_28/src/weather-sta.cli -i13 /tmp/mint/mic/executions/01_07_22_42_28/src/graze.ops -i14 /tmp/mint/mic/executions/01_07_22_42_28/src/ovn_table.lum -i15 /tmp/mint/mic/executions/01_07_22_42_28/src/septic.str -i16 /tmp/mint/mic/executions/01_07_22_42_28/src/sediment.cha -i17 /tmp/mint/mic/executions/01_07_22_42_28/src/flo_con.dtl -i18 /tmp/mint/mic/executions/01_07_22_42_28/src/chan-surf.lin -i19 /tmp/mint/mic/executions/01_07_22_42_28/src/management.sch -i20 /tmp/mint/mic/executions/01_07_22_42_28/src/rout_unit.ele -i21 /tmp/mint/mic/executions/01_07_22_42_28/src/object.cnt -i22 /tmp/mint/mic/executions/01_07_22_42_28/src/aqu_cha.lin -i23 /tmp/mint/mic/executions/01_07_22_42_28/src/ccw01.tmp -i24 /tmp/mint/mic/executions/01_07_22_42_28/src/nutrients.cha -i25 /tmp/mint/mic/executions/01_07_22_42_28/src/codes.bsn -i26 /tmp/mint/mic/executions/01_07_22_42_28/src/field.fld -i27 /tmp/mint/mic/executions/01_07_22_42_28/src/aquifer.con -i28 /tmp/mint/mic/executions/01_07_22_42_28/src/pathogens.pth -i29 /tmp/mint/mic/executions/01_07_22_42_28/src/soils.sol -i30 /tmp/mint/mic/executions/01_07_22_42_28/src/parameters.bsn -i31 /tmp/mint/mic/executions/01_07_22_42_28/src/weather-wgn.cli -i32 /tmp/mint/mic/executions/01_07_22_42_28/src/ccw01.pcp -i33 /tmp/mint/mic/executions/01_07_22_42_28/src/channel-lte.cha -i34 /tmp/mint/mic/executions/01_07_22_42_28/src/pcp.cli -i35 /tmp/mint/mic/executions/01_07_22_42_28/src/print.prt -i36 /tmp/mint/mic/executions/01_07_22_42_28/src/cons_practice.lum -i37 /tmp/mint/mic/executions/01_07_22_42_28/src/septic.sep -i38 /tmp/mint/mic/executions/01_07_22_42_28/src/rout_unit.con -i39 /tmp/mint/mic/executions/01_07_22_42_28/src/om_water.ini -i40 /tmp/mint/mic/executions/01_07_22_42_28/src/topography.hyd -i41 /tmp/mint/mic/executions/01_07_22_42_28/src/rout_unit.rtu -i42 /tmp/mint/mic/executions/01_07_22_42_28/src/hru.con -i43 /tmp/mint/mic/executions/01_07_22_42_28/src/chandeg.con -i44 /tmp/mint/mic/executions/01_07_22_42_28/src/aquifer.aqu -i45 /tmp/mint/mic/executions/01_07_22_42_28/src/sweep.ops -i46 /tmp/mint/mic/executions/01_07_22_42_28/src/initial.cha -i47 /tmp/mint/mic/executions/01_07_22_42_28/src/plant.ini -i48 /tmp/mint/mic/executions/01_07_22_42_28/src/time.sim -i49 /tmp/mint/mic/executions/01_07_22_42_28/src/hyd-sed-lte.cha -i50 /tmp/mint/mic/executions/01_07_22_42_28/src/fertilizer.frt -i51 /tmp/mint/mic/executions/01_07_22_42_28/src/tmp.cli -i52 /tmp/mint/mic/executions/01_07_22_42_28/src/harv.ops -i53 /tmp/mint/mic/executions/01_07_22_42_28/src/res_rel.dtl -i54 /tmp/mint/mic/executions/01_07_22_42_28/src/lum.dtl -i55 /tmp/mint/mic/executions/01_07_22_42_28/src/pesticide.pst -i56 /tmp/mint/mic/executions/01_07_22_42_28/src/ls_unit.ele -i57 /tmp/mint/mic/executions/01_07_22_42_28/src/tillage.til -i58 /tmp/mint/mic/executions/01_07_22_42_28/src/hydrology.hyd -i59 /tmp/mint/mic/executions/01_07_22_42_28/src/object.prt -i60 /tmp/mint/mic/executions/01_07_22_42_28/src/nutrients.sol -i61 /tmp/mint/mic/executions/01_07_22_42_28/src/initial.aqu -i62 /tmp/mint/mic/executions/01_07_22_42_28/src/ls_unit.def -i63 /tmp/mint/mic/executions/01_07_22_42_28/src/landuse.lum -i64 /tmp/mint/mic/executions/01_07_22_42_28/src/scen_lu.dtl  -o1 files_out_out.out -o2 diagnostics_out.out -o3 basin_crop_yld_aa_txt.txt -o4 channel_sd_yr_txt.txt -o5 basin_wb_aa_txt.txt -o6 hru_wb_aa_txt.txt -o7 basin_crop_yld_yr_txt.txt -o8 basin_aqu_aa_txt.txt -o9 outlet_out.out -o10 hru_pw_aa_txt.txt -o11 success_fin.fin -o12 hru_wb_day_txt.txt -o13 basin_pw_yr_txt.txt -o14 basin_wb_yr_txt.txt -o15 channel_sdmorph_yr_txt.txt -o16 crop_yld_aa_txt.txt 
mic   executor.py        DEBUG    exe_arr: ['./run', '-i1', '/tmp/mint/mic/executions/01_07_22_42_28/src/snow.sno', '-i2', '/tmp/mint/mic/executions/01_07_22_42_28/src/chem_app.ops', '-i3', '/tmp/mint/mic/executions/01_07_22_42_28/src/cntable.lum', '-i4', '/tmp/mint/mic/executions/01_07_22_42_28/src/rout_unit.def', '-i5', '/tmp/mint/mic/executions/01_07_22_42_28/src/hru-data.hru', '-i6', '/tmp/mint/mic/executions/01_07_22_42_28/src/plants.plt', '-i7', '/tmp/mint/mic/executions/01_07_22_42_28/src/aqu_unit.ele', '-i8', '/tmp/mint/mic/executions/01_07_22_42_28/src/channel.cha', '-i9', '/tmp/mint/mic/executions/01_07_22_42_28/src/urban.urb', '-i10', '/tmp/mint/mic/executions/01_07_22_42_28/src/hydrology.cha', '-i11', '/tmp/mint/mic/executions/01_07_22_42_28/src/soil_plant.ini', '-i12', '/tmp/mint/mic/executions/01_07_22_42_28/src/weather-sta.cli', '-i13', '/tmp/mint/mic/executions/01_07_22_42_28/src/graze.ops', '-i14', '/tmp/mint/mic/executions/01_07_22_42_28/src/ovn_table.lum', '-i15', '/tmp/mint/mic/executions/01_07_22_42_28/src/septic.str', '-i16', '/tmp/mint/mic/executions/01_07_22_42_28/src/sediment.cha', '-i17', '/tmp/mint/mic/executions/01_07_22_42_28/src/flo_con.dtl', '-i18', '/tmp/mint/mic/executions/01_07_22_42_28/src/chan-surf.lin', '-i19', '/tmp/mint/mic/executions/01_07_22_42_28/src/management.sch', '-i20', '/tmp/mint/mic/executions/01_07_22_42_28/src/rout_unit.ele', '-i21', '/tmp/mint/mic/executions/01_07_22_42_28/src/object.cnt', '-i22', '/tmp/mint/mic/executions/01_07_22_42_28/src/aqu_cha.lin', '-i23', '/tmp/mint/mic/executions/01_07_22_42_28/src/ccw01.tmp', '-i24', '/tmp/mint/mic/executions/01_07_22_42_28/src/nutrients.cha', '-i25', '/tmp/mint/mic/executions/01_07_22_42_28/src/codes.bsn', '-i26', '/tmp/mint/mic/executions/01_07_22_42_28/src/field.fld', '-i27', '/tmp/mint/mic/executions/01_07_22_42_28/src/aquifer.con', '-i28', '/tmp/mint/mic/executions/01_07_22_42_28/src/pathogens.pth', '-i29', '/tmp/mint/mic/executions/01_07_22_42_28/src/soils.sol', '-i30', '/tmp/mint/mic/executions/01_07_22_42_28/src/parameters.bsn', '-i31', '/tmp/mint/mic/executions/01_07_22_42_28/src/weather-wgn.cli', '-i32', '/tmp/mint/mic/executions/01_07_22_42_28/src/ccw01.pcp', '-i33', '/tmp/mint/mic/executions/01_07_22_42_28/src/channel-lte.cha', '-i34', '/tmp/mint/mic/executions/01_07_22_42_28/src/pcp.cli', '-i35', '/tmp/mint/mic/executions/01_07_22_42_28/src/print.prt', '-i36', '/tmp/mint/mic/executions/01_07_22_42_28/src/cons_practice.lum', '-i37', '/tmp/mint/mic/executions/01_07_22_42_28/src/septic.sep', '-i38', '/tmp/mint/mic/executions/01_07_22_42_28/src/rout_unit.con', '-i39', '/tmp/mint/mic/executions/01_07_22_42_28/src/om_water.ini', '-i40', '/tmp/mint/mic/executions/01_07_22_42_28/src/topography.hyd', '-i41', '/tmp/mint/mic/executions/01_07_22_42_28/src/rout_unit.rtu', '-i42', '/tmp/mint/mic/executions/01_07_22_42_28/src/hru.con', '-i43', '/tmp/mint/mic/executions/01_07_22_42_28/src/chandeg.con', '-i44', '/tmp/mint/mic/executions/01_07_22_42_28/src/aquifer.aqu', '-i45', '/tmp/mint/mic/executions/01_07_22_42_28/src/sweep.ops', '-i46', '/tmp/mint/mic/executions/01_07_22_42_28/src/initial.cha', '-i47', '/tmp/mint/mic/executions/01_07_22_42_28/src/plant.ini', '-i48', '/tmp/mint/mic/executions/01_07_22_42_28/src/time.sim', '-i49', '/tmp/mint/mic/executions/01_07_22_42_28/src/hyd-sed-lte.cha', '-i50', '/tmp/mint/mic/executions/01_07_22_42_28/src/fertilizer.frt', '-i51', '/tmp/mint/mic/executions/01_07_22_42_28/src/tmp.cli', '-i52', '/tmp/mint/mic/executions/01_07_22_42_28/src/harv.ops', '-i53', '/tmp/mint/mic/executions/01_07_22_42_28/src/res_rel.dtl', '-i54', '/tmp/mint/mic/executions/01_07_22_42_28/src/lum.dtl', '-i55', '/tmp/mint/mic/executions/01_07_22_42_28/src/pesticide.pst', '-i56', '/tmp/mint/mic/executions/01_07_22_42_28/src/ls_unit.ele', '-i57', '/tmp/mint/mic/executions/01_07_22_42_28/src/tillage.til', '-i58', '/tmp/mint/mic/executions/01_07_22_42_28/src/hydrology.hyd', '-i59', '/tmp/mint/mic/executions/01_07_22_42_28/src/object.prt', '-i60', '/tmp/mint/mic/executions/01_07_22_42_28/src/nutrients.sol', '-i61', '/tmp/mint/mic/executions/01_07_22_42_28/src/initial.aqu', '-i62', '/tmp/mint/mic/executions/01_07_22_42_28/src/ls_unit.def', '-i63', '/tmp/mint/mic/executions/01_07_22_42_28/src/landuse.lum', '-i64', '/tmp/mint/mic/executions/01_07_22_42_28/src/scen_lu.dtl', '-o1', 'files_out_out.out', '-o2', 'diagnostics_out.out', '-o3', 'basin_crop_yld_aa_txt.txt', '-o4', 'channel_sd_yr_txt.txt', '-o5', 'basin_wb_aa_txt.txt', '-o6', 'hru_wb_aa_txt.txt', '-o7', 'basin_crop_yld_yr_txt.txt', '-o8', 'basin_aqu_aa_txt.txt', '-o9', 'outlet_out.out', '-o10', 'hru_pw_aa_txt.txt', '-o11', 'success_fin.fin', '-o12', 'hru_wb_day_txt.txt', '-o13', 'basin_pw_yr_txt.txt', '-o14', 'basin_wb_yr_txt.txt', '-o15', 'channel_sdmorph_yr_txt.txt', '-o16', 'crop_yld_aa_txt.txt']
mic   commands.py        INFO     Run passed
mic   commands.py        INFO     run done
mic   _utils.py          INFO     <=================>
mic   _utils.py          INFO     Command: {'name': 'upload', 'command_parameters': {'mic_file': {'value': '/tmp/mint/mic/mic.yaml', 'type': 'str'}, 'profile': {'value': 'default', 'type': 'str'}, 'model_configuration': {'value': True, 'type': 'bool'}, 'data_transformation': {'value': None, 'type': 'NoneType'}}}
mic   github.py          INFO     Creating the git repository
mic   github.py          INFO     Compressing code
mic   github.py          INFO     Creating a new commit
mic   commands.py        ERROR    Upload failed: Profile doesn't exists
Traceback (most recent call last):
  File "/opt/conda/lib/python3.8/site-packages/mic/click_encapsulate/commands.py", line 687, in upload
    push(mic_config_path.parent, mic_config_path, name, profile)
  File "/opt/conda/lib/python3.8/site-packages/mic/publisher/github.py", line 35, in push
    url = check_create_remote_repo(repo, profile, repository_name)
  File "/opt/conda/lib/python3.8/site-packages/mic/publisher/github.py", line 126, in check_create_remote_repo
    repo_github = github_create_repo(profile, model_name)
  File "/opt/conda/lib/python3.8/site-packages/mic/publisher/github.py", line 255, in github_create_repo
    git_token, git_username = github_config(profile)
  File "/opt/conda/lib/python3.8/site-packages/mic/publisher/github.py", line 295, in github_config
    credentials = get_credentials(profile)
  File "/opt/conda/lib/python3.8/site-packages/mic/credentials.py", line 22, in get_credentials
    raise ValueError("Profile doesn't exists")
ValueError: Profile doesn't exists
mic   _utils.py          INFO     <=================>
mic   _utils.py          INFO     Command: {'name': 'upload', 'command_parameters': {'mic_file': {'value': '/tmp/mint/mic/mic.yaml', 'type': 'str'}, 'profile': {'value': 'default', 'type': 'str'}, 'model_configuration': {'value': True, 'type': 'bool'}, 'data_transformation': {'value': None, 'type': 'NoneType'}}}
mic   github.py          INFO     Creating the git repository
mic   github.py          INFO     Compressing code
mic   github.py          INFO     Creating a new commit
mic   _utils.py          INFO     <=================>
mic   _utils.py          INFO     Command: {'name': 'upload', 'command_parameters': {'mic_file': {'value': '/tmp/mint/mic/mic.yaml', 'type': 'str'}, 'profile': {'value': 'default', 'type': 'str'}, 'model_configuration': {'value': True, 'type': 'bool'}, 'data_transformation': {'value': None, 'type': 'NoneType'}}}
mic   github.py          INFO     Creating the git repository
mic   github.py          INFO     Compressing code
mic   github.py          INFO     Creating a new commit
mic   _utils.py          INFO     <=================>
mic   _utils.py          INFO     Command: {'name': 'upload', 'command_parameters': {'mic_file': {'value': '/tmp/mint/mic/mic.yaml', 'type': 'str'}, 'profile': {'value': 'default', 'type': 'str'}, 'model_configuration': {'value': True, 'type': 'bool'}, 'data_transformation': {'value': None, 'type': 'NoneType'}}}
mic   github.py          INFO     Creating the git repository
mic   github.py          INFO     Compressing code
mic   github.py          INFO     Creating a new commit
mic   _utils.py          INFO     <=================>
mic   _utils.py          INFO     Command: {'name': 'upload', 'command_parameters': {'mic_file': {'value': '/tmp/mint/mic/mic.yaml', 'type': 'str'}, 'profile': {'value': 'default', 'type': 'str'}, 'model_configuration': {'value': True, 'type': 'bool'}, 'data_transformation': {'value': None, 'type': 'NoneType'}}}
mic   github.py          INFO     Creating the git repository
mic   github.py          INFO     Compressing code
mic   github.py          INFO     Creating a new commit
mic   config_yaml.py     DEBUG    Writing to spec: {'file': '/tmp/mint/mic/mic.yaml', 'data': {'key': 'github_repo_url', 'value': 'https://github.com/dhardestylewis/swatplus_test_001.git'}}
mic   github.py          INFO     Creating a new version
mic   github.py          DEBUG    New version: 21.1.1
mic   github.py          INFO     Pushing changes to the server
mic   commands.py        ERROR    Upload failed: 'refs/remotes/origin/master'
Traceback (most recent call last):
  File "/opt/conda/lib/python3.8/site-packages/mic/click_encapsulate/commands.py", line 687, in upload
    push(mic_config_path.parent, mic_config_path, name, profile)
  File "/opt/conda/lib/python3.8/site-packages/mic/publisher/github.py", line 46, in push
    git_pull(repo, remote)
  File "/opt/conda/lib/python3.8/site-packages/mic/publisher/github.py", line 163, in git_pull
    remote_master_id = repo.lookup_reference('refs/remotes/origin/%s' % (branch)).target
KeyError: 'refs/remotes/origin/master'
mic   _utils.py          INFO     <=================>
mic   _utils.py          INFO     Command: {'name': 'upload', 'command_parameters': {'mic_file': {'value': '/tmp/mint/mic/mic.yaml', 'type': 'str'}, 'profile': {'value': 'default', 'type': 'str'}, 'model_configuration': {'value': True, 'type': 'bool'}, 'data_transformation': {'value': None, 'type': 'NoneType'}}}
mic   github.py          INFO     Creating the git repository
mic   github.py          INFO     Compressing code
mic   github.py          INFO     Creating a new commit
mic   _utils.py          INFO     <=================>
mic   _utils.py          INFO     Command: {'name': 'upload', 'command_parameters': {'mic_file': {'value': '/tmp/mint/mic/mic.yaml', 'type': 'str'}, 'profile': {'value': 'default', 'type': 'str'}, 'model_configuration': {'value': True, 'type': 'bool'}, 'data_transformation': {'value': None, 'type': 'NoneType'}}}
mic   github.py          INFO     Creating the git repository
mic   github.py          INFO     Compressing code
mic   github.py          INFO     Creating a new commit
mic   github.py          INFO     Selected repository already exists
mic   config_yaml.py     DEBUG    Writing to spec: {'file': '/tmp/mint/mic/mic.yaml', 'data': {'key': 'github_repo_url', 'value': 'https://github.com/dhardestylewis/swatplus_test_001.git'}}
mic   github.py          INFO     Creating a new version
mic   github.py          DEBUG    New version: 21.1.1
mic   github.py          INFO     Pushing changes to the server
mic   commands.py        ERROR    Upload failed: 'refs/remotes/origin/master'
Traceback (most recent call last):
  File "/opt/conda/lib/python3.8/site-packages/mic/click_encapsulate/commands.py", line 687, in upload
    push(mic_config_path.parent, mic_config_path, name, profile)
  File "/opt/conda/lib/python3.8/site-packages/mic/publisher/github.py", line 46, in push
    git_pull(repo, remote)
  File "/opt/conda/lib/python3.8/site-packages/mic/publisher/github.py", line 163, in git_pull
    remote_master_id = repo.lookup_reference('refs/remotes/origin/%s' % (branch)).target
KeyError: 'refs/remotes/origin/master'
mic   _utils.py          INFO     <=================>
mic   _utils.py          INFO     Command: {'name': 'upload', 'command_parameters': {'mic_file': {'value': '/tmp/mint/mic/mic.yaml', 'type': 'str'}, 'profile': {'value': 'default', 'type': 'str'}, 'model_configuration': {'value': True, 'type': 'bool'}, 'data_transformation': {'value': None, 'type': 'NoneType'}}}
mic   github.py          INFO     Creating the git repository
mic   github.py          INFO     Compressing code
mic   github.py          INFO     Creating a new commit
mic   config_yaml.py     DEBUG    Writing to spec: {'file': '/tmp/mint/mic/mic.yaml', 'data': {'key': 'github_repo_url', 'value': 'https://github.com/dhardestylewis/swatplus_test_001.git'}}
mic   github.py          INFO     Creating a new version
mic   github.py          DEBUG    New version: 21.1.2
mic   github.py          INFO     Pushing changes to the server
mic   commands.py        ERROR    Upload failed: 'refs/remotes/origin/master'
Traceback (most recent call last):
  File "/opt/conda/lib/python3.8/site-packages/mic/click_encapsulate/commands.py", line 687, in upload
    push(mic_config_path.parent, mic_config_path, name, profile)
  File "/opt/conda/lib/python3.8/site-packages/mic/publisher/github.py", line 46, in push
    git_pull(repo, remote)
  File "/opt/conda/lib/python3.8/site-packages/mic/publisher/github.py", line 163, in git_pull
    remote_master_id = repo.lookup_reference('refs/remotes/origin/%s' % (branch)).target
KeyError: 'refs/remotes/origin/master'
mic   _utils.py          INFO     <=================>
mic   _utils.py          INFO     Command: {'name': 'upload', 'command_parameters': {'mic_file': {'value': '/tmp/mint/mic/mic.yaml', 'type': 'str'}, 'profile': {'value': 'default', 'type': 'str'}, 'model_configuration': {'value': True, 'type': 'bool'}, 'data_transformation': {'value': None, 'type': 'NoneType'}}}
mic   github.py          INFO     Creating the git repository
mic   github.py          INFO     Compressing code
mic   github.py          INFO     Creating a new commit
mic   config_yaml.py     DEBUG    Writing to spec: {'file': '/tmp/mint/mic/mic.yaml', 'data': {'key': 'github_repo_url', 'value': 'https://github.com/dhardestylewis/swatplus_test_001.git'}}
mic   github.py          INFO     Creating a new version
mic   github.py          DEBUG    New version: 21.1.3
mic   github.py          INFO     Pushing changes to the server
mic   commands.py        ERROR    Upload failed: 'refs/remotes/origin/master'
Traceback (most recent call last):
  File "/opt/conda/lib/python3.8/site-packages/mic/click_encapsulate/commands.py", line 687, in upload
    push(mic_config_path.parent, mic_config_path, name, profile)
  File "/opt/conda/lib/python3.8/site-packages/mic/publisher/github.py", line 46, in push
    git_pull(repo, remote)
  File "/opt/conda/lib/python3.8/site-packages/mic/publisher/github.py", line 163, in git_pull
    remote_master_id = repo.lookup_reference('refs/remotes/origin/%s' % (branch)).target
KeyError: 'refs/remotes/origin/master'
mic   _utils.py          INFO     <=================>
mic   _utils.py          INFO     Command: {'name': 'upload', 'command_parameters': {'mic_file': {'value': '/tmp/mint/mic/mic.yaml', 'type': 'str'}, 'profile': {'value': 'default', 'type': 'str'}, 'model_configuration': {'value': True, 'type': 'bool'}, 'data_transformation': {'value': None, 'type': 'NoneType'}}}
mic   github.py          INFO     Creating the git repository
mic   github.py          INFO     Compressing code
mic   github.py          INFO     Creating a new commit
mic   config_yaml.py     DEBUG    Writing to spec: {'file': '/tmp/mint/mic/mic.yaml', 'data': {'key': 'github_repo_url', 'value': 'https://github.com/dhardestylewis/swatplus_test_001.git'}}
mic   github.py          INFO     Creating a new version
mic   github.py          DEBUG    New version: 21.1.4
mic   github.py          INFO     Pushing changes to the server
mic   commands.py        ERROR    Upload failed: 'refs/remotes/origin/master'
Traceback (most recent call last):
  File "/opt/conda/lib/python3.8/site-packages/mic/click_encapsulate/commands.py", line 687, in upload
    push(mic_config_path.parent, mic_config_path, name, profile)
  File "/opt/conda/lib/python3.8/site-packages/mic/publisher/github.py", line 46, in push
    git_pull(repo, remote)
  File "/opt/conda/lib/python3.8/site-packages/mic/publisher/github.py", line 163, in git_pull
    remote_master_id = repo.lookup_reference('refs/remotes/origin/%s' % (branch)).target
KeyError: 'refs/remotes/origin/master'
mic   _utils.py          INFO     <=================>
mic   _utils.py          INFO     Command: {'name': 'upload', 'command_parameters': {'mic_file': {'value': '/tmp/mint/mic/mic.yaml', 'type': 'str'}, 'profile': {'value': 'default', 'type': 'str'}, 'model_configuration': {'value': True, 'type': 'bool'}, 'data_transformation': {'value': None, 'type': 'NoneType'}}}
mic   github.py          INFO     Creating the git repository
mic   github.py          INFO     Compressing code
mic   github.py          INFO     Creating a new commit
mic   config_yaml.py     DEBUG    Writing to spec: {'file': '/tmp/mint/mic/mic.yaml', 'data': {'key': 'github_repo_url', 'value': 'https://github.com/dhardestylewis/swatplus_test_001.git'}}
mic   github.py          INFO     Creating a new version
mic   github.py          DEBUG    New version: 21.1.5
mic   github.py          INFO     Pushing changes to the server
mic   commands.py        ERROR    Upload failed: 'refs/remotes/origin/master'
Traceback (most recent call last):
  File "/opt/conda/lib/python3.8/site-packages/mic/click_encapsulate/commands.py", line 687, in upload
    push(mic_config_path.parent, mic_config_path, name, profile)
  File "/opt/conda/lib/python3.8/site-packages/mic/publisher/github.py", line 46, in push
    git_pull(repo, remote)
  File "/opt/conda/lib/python3.8/site-packages/mic/publisher/github.py", line 163, in git_pull
    remote_master_id = repo.lookup_reference('refs/remotes/origin/%s' % (branch)).target
KeyError: 'refs/remotes/origin/master'
mic   _utils.py          INFO     <=================>
mic   _utils.py          INFO     Command: {'name': 'upload', 'command_parameters': {'mic_file': {'value': '/tmp/mint/mic/mic.yaml', 'type': 'str'}, 'profile': {'value': 'default', 'type': 'str'}, 'model_configuration': {'value': True, 'type': 'bool'}, 'data_transformation': {'value': None, 'type': 'NoneType'}}}
mic   github.py          INFO     Creating the git repository
mic   github.py          INFO     Compressing code
mic   github.py          INFO     Creating a new commit
mic   config_yaml.py     DEBUG    Writing to spec: {'file': '/tmp/mint/mic/mic.yaml', 'data': {'key': 'github_repo_url', 'value': 'https://github.com/dhardestylewis/swatplus_test_001.git'}}
mic   github.py          INFO     Creating a new version
mic   github.py          DEBUG    New version: 21.1.1
mic   github.py          INFO     Pushing changes to the server
mic   config_yaml.py     DEBUG    Writing to spec: {'file': '/tmp/mint/mic/mic.yaml', 'data': {'key': 'version', 'value': '21.1.1'}}
mic   config_yaml.py     DEBUG    Writing to spec: {'file': '/tmp/mint/mic/mic.yaml', 'data': {'key': 'mint_component_url', 'value': 'https://raw.githubusercontent.com/dhardestylewis/swatplus_test_001/master/mint_component.zip'}}
mic   github.py          INFO     Push complete: {'repository': 'https://github.com/dhardestylewis/swatplus_test_001.git', 'version': '21.1.1'}
mic   docker.py          INFO     Publish docker image
mic   config_yaml.py     DEBUG    Writing to spec: {'file': '/tmp/mint/mic/mic.yaml', 'data': {'key': 'docker_image', 'value': 'dhardestylewis/swatplus_test_001:21.1.1'}}
mic   commands.py        ERROR    Upload failed: list index out of range
Traceback (most recent call last):
  File "/opt/conda/lib/python3.8/site-packages/mic/click_encapsulate/commands.py", line 691, in upload
    api_response_model, api_response_mc, model_id, software_version_id = publish_model_configuration(
  File "/opt/conda/lib/python3.8/site-packages/mic/publisher/model_catalog.py", line 104, in publish_model_configuration
    api_response, model_id, software_version_id = handle_existing_model(profile, api_response_mc, labels, model_cli)
  File "/opt/conda/lib/python3.8/site-packages/mic/publisher/model_catalog.py", line 121, in handle_existing_model
    selected_model = models[choice - 1]
IndexError: list index out of range
mic   _utils.py          INFO     <=================>
mic   _utils.py          INFO     Command: {'name': 'upload', 'command_parameters': {'mic_file': {'value': '/tmp/mint/mic/mic.yaml', 'type': 'str'}, 'profile': {'value': 'default', 'type': 'str'}, 'model_configuration': {'value': True, 'type': 'bool'}, 'data_transformation': {'value': None, 'type': 'NoneType'}}}
mic   github.py          INFO     Creating the git repository
mic   github.py          INFO     Compressing code
mic   github.py          INFO     Creating a new commit
